# JRE version: OpenJDK Runtime Environment Temurin-21.0.9+10 (21.0.9+10) (build 21.0.9+10-LTS)
# Java VM: OpenJDK 64-Bit Server VM Temurin-21.0.9+10 (21.0.9+10-LTS, mixed mode, sharing, tiered, compressed oops, compressed class ptrs, parallel gc, windows-amd64)
GC Precious Log:
 CardTable entry size: 512
 CPUs: 12 total, 12 available
 Memory: 5989M
 Large Page Support: Disabled
 NUMA Support: Disabled
 Compressed Oops: Enabled (32-bit)
 Alignments: Space 512K, Generation 512K, Heap 2M
 Heap Min Capacity: 100M
 Heap Initial Capacity: 100M
 Heap Max Capacity: 2G
 Pre-touch: Disabled
 Parallel Workers: 10
Heap:
 PSYoungGen      total 6144K, used 5557K [0x00000000d5580000, 0x00000000d5d80000, 0x0000000100000000)
  eden space 5120K, 95% used [0x00000000d5580000,0x00000000d5a48690,0x00000000d5a80000)
  from space 1024K, 64% used [0x00000000d5c80000,0x00000000d5d25000,0x00000000d5d80000)
  to   space 1024K, 0% used [0x00000000d5b80000,0x00000000d5b80000,0x00000000d5c80000)
 ParOldGen       total 809984K, used 809539K [0x0000000080000000, 0x00000000b1700000, 0x00000000d5580000)
  object space 809984K, 99% used [0x0000000080000000,0x00000000b1690fc8,0x00000000b1700000)
 Metaspace       used 75150K, committed 76736K, reserved 1179648K
  class space    used 7646K, committed 8384K, reserved 1048576K
GC Heap History (20 events):
Event: 3563.756 GC heap before
{Heap before GC invocations=388 (full 4):
 PSYoungGen      total 2560K, used 2527K [0x00000000d5580000, 0x00000000d5980000, 0x0000000100000000)
  eden space 2048K, 99% used [0x00000000d5580000,0x00000000d577fff8,0x00000000d5780000)
  from space 512K, 93% used [0x00000000d5880000,0x00000000d58f8000,0x00000000d5900000)
  to   space 1024K, 0% used [0x00000000d5780000,0x00000000d5780000,0x00000000d5880000)
 ParOldGen       total 801792K, used 801542K [0x0000000080000000, 0x00000000b0f00000, 0x00000000d5580000)
  object space 801792K, 99% used [0x0000000080000000,0x00000000b0ec1a40,0x00000000b0f00000)
 Metaspace       used 75002K, committed 76544K, reserved 1179648K
  class space    used 7638K, committed 8320K, reserved 1048576K
}
Event: 3563.760 GC heap after
{Heap after GC invocations=388 (full 4):
 PSYoungGen      total 3072K, used 672K [0x00000000d5580000, 0x00000000d5a00000, 0x0000000100000000)
  eden space 2048K, 0% used [0x00000000d5580000,0x00000000d5580000,0x00000000d5780000)
  from space 1024K, 65% used [0x00000000d5780000,0x00000000d5828000,0x00000000d5880000)
  to   space 1024K, 0% used [0x00000000d5900000,0x00000000d5900000,0x00000000d5a00000)
 ParOldGen       total 802304K, used 801926K [0x0000000080000000, 0x00000000b0f80000, 0x00000000d5580000)
  object space 802304K, 99% used [0x0000000080000000,0x00000000b0f21a40,0x00000000b0f80000)
 Metaspace       used 75002K, committed 76544K, reserved 1179648K
  class space    used 7638K, committed 8320K, reserved 1048576K
}
Event: 3563.777 GC heap before
{Heap before GC invocations=389 (full 4):
 PSYoungGen      total 3072K, used 2719K [0x00000000d5580000, 0x00000000d5a00000, 0x0000000100000000)
  eden space 2048K, 99% used [0x00000000d5580000,0x00000000d577fff0,0x00000000d5780000)
  from space 1024K, 65% used [0x00000000d5780000,0x00000000d5828000,0x00000000d5880000)
  to   space 1024K, 0% used [0x00000000d5900000,0x00000000d5900000,0x00000000d5a00000)
 ParOldGen       total 802304K, used 801926K [0x0000000080000000, 0x00000000b0f80000, 0x00000000d5580000)
  object space 802304K, 99% used [0x0000000080000000,0x00000000b0f21a40,0x00000000b0f80000)
 Metaspace       used 75003K, committed 76544K, reserved 1179648K
  class space    used 7638K, committed 8320K, reserved 1048576K
}
Event: 3563.781 GC heap after
{Heap after GC invocations=389 (full 4):
 PSYoungGen      total 3584K, used 436K [0x00000000d5580000, 0x00000000d5a00000, 0x0000000100000000)
  eden space 2560K, 0% used [0x00000000d5580000,0x00000000d5580000,0x00000000d5800000)
  from space 1024K, 42% used [0x00000000d5900000,0x00000000d596d010,0x00000000d5a00000)
  to   space 1024K, 0% used [0x00000000d5800000,0x00000000d5800000,0x00000000d5900000)
 ParOldGen       total 802816K, used 802425K [0x0000000080000000, 0x00000000b1000000, 0x00000000d5580000)
  object space 802816K, 99% used [0x0000000080000000,0x00000000b0f9e5b0,0x00000000b1000000)
 Metaspace       used 75003K, committed 76544K, reserved 1179648K
  class space    used 7638K, committed 8320K, reserved 1048576K
}
Event: 3563.794 GC heap before
{Heap before GC invocations=390 (full 4):
 PSYoungGen      total 3584K, used 2996K [0x00000000d5580000, 0x00000000d5a00000, 0x0000000100000000)
  eden space 2560K, 100% used [0x00000000d5580000,0x00000000d5800000,0x00000000d5800000)
  from space 1024K, 42% used [0x00000000d5900000,0x00000000d596d010,0x00000000d5a00000)
  to   space 1024K, 0% used [0x00000000d5800000,0x00000000d5800000,0x00000000d5900000)
 ParOldGen       total 802816K, used 802425K [0x0000000080000000, 0x00000000b1000000, 0x00000000d5580000)
  object space 802816K, 99% used [0x0000000080000000,0x00000000b0f9e5b0,0x00000000b1000000)
 Metaspace       used 75005K, committed 76544K, reserved 1179648K
  class space    used 7639K, committed 8320K, reserved 1048576K
}
Event: 3563.797 GC heap after
{Heap after GC invocations=390 (full 4):
 PSYoungGen      total 3584K, used 468K [0x00000000d5580000, 0x00000000d5980000, 0x0000000100000000)
  eden space 2560K, 0% used [0x00000000d5580000,0x00000000d5580000,0x00000000d5800000)
  from space 1024K, 45% used [0x00000000d5800000,0x00000000d5875000,0x00000000d5900000)
  to   space 512K, 0% used [0x00000000d5900000,0x00000000d5900000,0x00000000d5980000)
 ParOldGen       total 802816K, used 802715K [0x0000000080000000, 0x00000000b1000000, 0x00000000d5580000)
  object space 802816K, 99% used [0x0000000080000000,0x00000000b0fe6db8,0x00000000b1000000)
 Metaspace       used 75005K, committed 76544K, reserved 1179648K
  class space    used 7639K, committed 8320K, reserved 1048576K
}
Event: 3563.825 GC heap before
{Heap before GC invocations=391 (full 4):
 PSYoungGen      total 3584K, used 3028K [0x00000000d5580000, 0x00000000d5980000, 0x0000000100000000)
  eden space 2560K, 100% used [0x00000000d5580000,0x00000000d5800000,0x00000000d5800000)
  from space 1024K, 45% used [0x00000000d5800000,0x00000000d5875000,0x00000000d5900000)
  to   space 512K, 0% used [0x00000000d5900000,0x00000000d5900000,0x00000000d5980000)
 ParOldGen       total 802816K, used 802715K [0x0000000080000000, 0x00000000b1000000, 0x00000000d5580000)
  object space 802816K, 99% used [0x0000000080000000,0x00000000b0fe6db8,0x00000000b1000000)
 Metaspace       used 75008K, committed 76544K, reserved 1179648K
  class space    used 7639K, committed 8320K, reserved 1048576K
}
Event: 3563.829 GC heap after
{Heap after GC invocations=391 (full 4):
 PSYoungGen      total 3072K, used 506K [0x00000000d5580000, 0x00000000d5a80000, 0x0000000100000000)
  eden space 2560K, 0% used [0x00000000d5580000,0x00000000d5580000,0x00000000d5800000)
  from space 512K, 98% used [0x00000000d5900000,0x00000000d597e900,0x00000000d5980000)
  to   space 1024K, 0% used [0x00000000d5800000,0x00000000d5800000,0x00000000d5900000)
 ParOldGen       total 803328K, used 803055K [0x0000000080000000, 0x00000000b1080000, 0x00000000d5580000)
  object space 803328K, 99% used [0x0000000080000000,0x00000000b103bdb8,0x00000000b1080000)
 Metaspace       used 75008K, committed 76544K, reserved 1179648K
  class space    used 7639K, committed 8320K, reserved 1048576K
}
Event: 3563.842 GC heap before
{Heap before GC invocations=392 (full 4):
 PSYoungGen      total 3072K, used 3066K [0x00000000d5580000, 0x00000000d5a80000, 0x0000000100000000)
  eden space 2560K, 100% used [0x00000000d5580000,0x00000000d5800000,0x00000000d5800000)
  from space 512K, 98% used [0x00000000d5900000,0x00000000d597e900,0x00000000d5980000)
  to   space 1024K, 0% used [0x00000000d5800000,0x00000000d5800000,0x00000000d5900000)
 ParOldGen       total 803328K, used 803055K [0x0000000080000000, 0x00000000b1080000, 0x00000000d5580000)
  object space 803328K, 99% used [0x0000000080000000,0x00000000b103bdb8,0x00000000b1080000)
 Metaspace       used 75008K, committed 76544K, reserved 1179648K
  class space    used 7639K, committed 8320K, reserved 1048576K
}
Event: 3563.845 GC heap after
{Heap after GC invocations=392 (full 4):
 PSYoungGen      total 3584K, used 876K [0x00000000d5580000, 0x00000000d5a80000, 0x0000000100000000)
  eden space 2560K, 0% used [0x00000000d5580000,0x00000000d5580000,0x00000000d5800000)
  from space 1024K, 85% used [0x00000000d5800000,0x00000000d58db010,0x00000000d5900000)
  to   space 1024K, 0% used [0x00000000d5980000,0x00000000d5980000,0x00000000d5a80000)
 ParOldGen       total 803840K, used 803515K [0x0000000080000000, 0x00000000b1100000, 0x00000000d5580000)
  object space 803840K, 99% used [0x0000000080000000,0x00000000b10aefb8,0x00000000b1100000)
 Metaspace       used 75008K, committed 76544K, reserved 1179648K
  class space    used 7639K, committed 8320K, reserved 1048576K
}
Event: 3563.848 GC heap before
{Heap before GC invocations=393 (full 4):
 PSYoungGen      total 3584K, used 3436K [0x00000000d5580000, 0x00000000d5a80000, 0x0000000100000000)
  eden space 2560K, 100% used [0x00000000d5580000,0x00000000d5800000,0x00000000d5800000)
  from space 1024K, 85% used [0x00000000d5800000,0x00000000d58db010,0x00000000d5900000)
  to   space 1024K, 0% used [0x00000000d5980000,0x00000000d5980000,0x00000000d5a80000)
 ParOldGen       total 803840K, used 803515K [0x0000000080000000, 0x00000000b1100000, 0x00000000d5580000)
  object space 803840K, 99% used [0x0000000080000000,0x00000000b10aefb8,0x00000000b1100000)
 Metaspace       used 75011K, committed 76544K, reserved 1179648K
  class space    used 7639K, committed 8320K, reserved 1048576K
}
Event: 3563.852 GC heap after
{Heap after GC invocations=393 (full 4):
 PSYoungGen      total 4096K, used 800K [0x00000000d5580000, 0x00000000d5a80000, 0x0000000100000000)
  eden space 3072K, 0% used [0x00000000d5580000,0x00000000d5580000,0x00000000d5880000)
  from space 1024K, 78% used [0x00000000d5980000,0x00000000d5a48000,0x00000000d5a80000)
  to   space 1024K, 0% used [0x00000000d5880000,0x00000000d5880000,0x00000000d5980000)
 ParOldGen       total 804352K, used 804311K [0x0000000080000000, 0x00000000b1180000, 0x00000000d5580000)
  object space 804352K, 99% used [0x0000000080000000,0x00000000b1175fc8,0x00000000b1180000)
 Metaspace       used 75011K, committed 76544K, reserved 1179648K
  class space    used 7639K, committed 8320K, reserved 1048576K
}
Event: 3563.858 GC heap before
{Heap before GC invocations=394 (full 4):
 PSYoungGen      total 4096K, used 3872K [0x00000000d5580000, 0x00000000d5a80000, 0x0000000100000000)
  eden space 3072K, 100% used [0x00000000d5580000,0x00000000d5880000,0x00000000d5880000)
  from space 1024K, 78% used [0x00000000d5980000,0x00000000d5a48000,0x00000000d5a80000)
  to   space 1024K, 0% used [0x00000000d5880000,0x00000000d5880000,0x00000000d5980000)
 ParOldGen       total 804352K, used 804311K [0x0000000080000000, 0x00000000b1180000, 0x00000000d5580000)
  object space 804352K, 99% used [0x0000000080000000,0x00000000b1175fc8,0x00000000b1180000)
 Metaspace       used 75019K, committed 76544K, reserved 1179648K
  class space    used 7639K, committed 8320K, reserved 1048576K
}
Event: 3563.862 GC heap after
{Heap after GC invocations=394 (full 4):
 PSYoungGen      total 4096K, used 1024K [0x00000000d5580000, 0x00000000d5e80000, 0x0000000100000000)
  eden space 3072K, 0% used [0x00000000d5580000,0x00000000d5580000,0x00000000d5880000)
  from space 1024K, 100% used [0x00000000d5880000,0x00000000d5980000,0x00000000d5980000)
  to   space 2560K, 0% used [0x00000000d5c00000,0x00000000d5c00000,0x00000000d5e80000)
 ParOldGen       total 805376K, used 805309K [0x0000000080000000, 0x00000000b1280000, 0x00000000d5580000)
  object space 805376K, 99% used [0x0000000080000000,0x00000000b126f448,0x00000000b1280000)
 Metaspace       used 75019K, committed 76544K, reserved 1179648K
  class space    used 7639K, committed 8320K, reserved 1048576K
}
Event: 3563.883 GC heap before
{Heap before GC invocations=395 (full 4):
 PSYoungGen      total 4096K, used 4096K [0x00000000d5580000, 0x00000000d5e80000, 0x0000000100000000)
  eden space 3072K, 100% used [0x00000000d5580000,0x00000000d5880000,0x00000000d5880000)
  from space 1024K, 100% used [0x00000000d5880000,0x00000000d5980000,0x00000000d5980000)
  to   space 2560K, 0% used [0x00000000d5c00000,0x00000000d5c00000,0x00000000d5e80000)
 ParOldGen       total 805376K, used 805309K [0x0000000080000000, 0x00000000b1280000, 0x00000000d5580000)
  object space 805376K, 99% used [0x0000000080000000,0x00000000b126f448,0x00000000b1280000)
 Metaspace       used 75051K, committed 76544K, reserved 1179648K
  class space    used 7639K, committed 8320K, reserved 1048576K
}
Event: 3563.890 GC heap after
{Heap after GC invocations=395 (full 4):
 PSYoungGen      total 6656K, used 2432K [0x00000000d5580000, 0x00000000d5e80000, 0x0000000100000000)
  eden space 4096K, 0% used [0x00000000d5580000,0x00000000d5580000,0x00000000d5980000)
  from space 2560K, 95% used [0x00000000d5c00000,0x00000000d5e60000,0x00000000d5e80000)
  to   space 2560K, 0% used [0x00000000d5980000,0x00000000d5980000,0x00000000d5c00000)
 ParOldGen       total 806400K, used 806373K [0x0000000080000000, 0x00000000b1380000, 0x00000000d5580000)
  object space 806400K, 99% used [0x0000000080000000,0x00000000b1379448,0x00000000b1380000)
 Metaspace       used 75051K, committed 76544K, reserved 1179648K
  class space    used 7639K, committed 8320K, reserved 1048576K
}
Event: 3563.910 GC heap before
{Heap before GC invocations=396 (full 4):
 PSYoungGen      total 6656K, used 6519K [0x00000000d5580000, 0x00000000d5e80000, 0x0000000100000000)
  eden space 4096K, 99% used [0x00000000d5580000,0x00000000d597dfa8,0x00000000d5980000)
  from space 2560K, 95% used [0x00000000d5c00000,0x00000000d5e60000,0x00000000d5e80000)
  to   space 2560K, 0% used [0x00000000d5980000,0x00000000d5980000,0x00000000d5c00000)
 ParOldGen       total 806400K, used 806373K [0x0000000080000000, 0x00000000b1380000, 0x00000000d5580000)
  object space 806400K, 99% used [0x0000000080000000,0x00000000b1379448,0x00000000b1380000)
 Metaspace       used 75062K, committed 76544K, reserved 1179648K
  class space    used 7639K, committed 8320K, reserved 1048576K
}
Event: 3563.914 GC heap after
{Heap after GC invocations=396 (full 4):
 PSYoungGen      total 6656K, used 1108K [0x00000000d5580000, 0x00000000d5e80000, 0x0000000100000000)
  eden space 4096K, 0% used [0x00000000d5580000,0x00000000d5580000,0x00000000d5980000)
  from space 2560K, 43% used [0x00000000d5980000,0x00000000d5a95010,0x00000000d5c00000)
  to   space 2048K, 0% used [0x00000000d5c80000,0x00000000d5c80000,0x00000000d5e80000)
 ParOldGen       total 808960K, used 808549K [0x0000000080000000, 0x00000000b1600000, 0x00000000d5580000)
  object space 808960K, 99% used [0x0000000080000000,0x00000000b1599448,0x00000000b1600000)
 Metaspace       used 75062K, committed 76544K, reserved 1179648K
  class space    used 7639K, committed 8320K, reserved 1048576K
}
Event: 3563.932 GC heap before
{Heap before GC invocations=397 (full 4):
 PSYoungGen      total 6656K, used 5204K [0x00000000d5580000, 0x00000000d5e80000, 0x0000000100000000)
  eden space 4096K, 100% used [0x00000000d5580000,0x00000000d5980000,0x00000000d5980000)
  from space 2560K, 43% used [0x00000000d5980000,0x00000000d5a95010,0x00000000d5c00000)
  to   space 2048K, 0% used [0x00000000d5c80000,0x00000000d5c80000,0x00000000d5e80000)
 ParOldGen       total 808960K, used 808549K [0x0000000080000000, 0x00000000b1600000, 0x00000000d5580000)
  object space 808960K, 99% used [0x0000000080000000,0x00000000b1599448,0x00000000b1600000)
 Metaspace       used 75062K, committed 76544K, reserved 1179648K
  class space    used 7639K, committed 8320K, reserved 1048576K
}
Event: 3563.937 GC heap after
{Heap after GC invocations=397 (full 4):
 PSYoungGen      total 6144K, used 660K [0x00000000d5580000, 0x00000000d5d80000, 0x0000000100000000)
  eden space 5120K, 0% used [0x00000000d5580000,0x00000000d5580000,0x00000000d5a80000)
  from space 1024K, 64% used [0x00000000d5c80000,0x00000000d5d25000,0x00000000d5d80000)
  to   space 1024K, 0% used [0x00000000d5b80000,0x00000000d5b80000,0x00000000d5c80000)
 ParOldGen       total 809984K, used 809539K [0x0000000080000000, 0x00000000b1700000, 0x00000000d5580000)
  object space 809984K, 99% used [0x0000000080000000,0x00000000b1690fc8,0x00000000b1700000)
 Metaspace       used 75062K, committed 76544K, reserved 1179648K
  class space    used 7639K, committed 8320K, reserved 1048576K
}

