# JRE version: OpenJDK Runtime Environment Temurin-21.0.9+10 (21.0.9+10) (build 21.0.9+10-LTS)
# Java VM: OpenJDK 64-Bit Server VM Temurin-21.0.9+10 (21.0.9+10-LTS, mixed mode, sharing, tiered, compressed oops, compressed class ptrs, parallel gc, windows-amd64)
GC Precious Log:
 CardTable entry size: 512
 CPUs: 12 total, 12 available
 Memory: 5989M
 Large Page Support: Disabled
 NUMA Support: Disabled
 Compressed Oops: Enabled (32-bit)
 Alignments: Space 512K, Generation 512K, Heap 2M
 Heap Min Capacity: 100M
 Heap Initial Capacity: 100M
 Heap Max Capacity: 2G
 Pre-touch: Disabled
 Parallel Workers: 10
Heap:
 PSYoungGen      total 6144K, used 4316K [0x00000000d5580000, 0x00000000d6380000, 0x0000000100000000)
  eden space 5120K, 64% used [0x00000000d5580000,0x00000000d58b71c0,0x00000000d5a80000)
  from space 1024K, 100% used [0x00000000d5a80000,0x00000000d5b80000,0x00000000d5b80000)
  to   space 4608K, 0% used [0x00000000d5f00000,0x00000000d5f00000,0x00000000d6380000)
 ParOldGen       total 365056K, used 364739K [0x0000000080000000, 0x0000000096480000, 0x00000000d5580000)
  object space 365056K, 99% used [0x0000000080000000,0x0000000096430cb8,0x0000000096480000)
 Metaspace       used 76262K, committed 78016K, reserved 1179648K
  class space    used 7833K, committed 8512K, reserved 1048576K
GC Heap History (20 events):
Event: 53.963 GC heap before
{Heap before GC invocations=321 (full 3):
 PSYoungGen      total 7680K, used 7651K [0x00000000d5580000, 0x00000000d6200000, 0x0000000100000000)
  eden space 6656K, 100% used [0x00000000d5580000,0x00000000d5c00000,0x00000000d5c00000)
  from space 1024K, 97% used [0x00000000d6080000,0x00000000d6178dd8,0x00000000d6180000)
  to   space 512K, 0% used [0x00000000d6180000,0x00000000d6180000,0x00000000d6200000)
 ParOldGen       total 354816K, used 354720K [0x0000000080000000, 0x0000000095a80000, 0x00000000d5580000)
  object space 354816K, 99% used [0x0000000080000000,0x0000000095a68350,0x0000000095a80000)
 Metaspace       used 75726K, committed 77376K, reserved 1179648K
  class space    used 7789K, committed 8448K, reserved 1048576K
}
Event: 53.967 GC heap after
{Heap after GC invocations=321 (full 3):
 PSYoungGen      total 7168K, used 499K [0x00000000d5580000, 0x00000000d6200000, 0x0000000100000000)
  eden space 6656K, 0% used [0x00000000d5580000,0x00000000d5580000,0x00000000d5c00000)
  from space 512K, 97% used [0x00000000d6180000,0x00000000d61fcc18,0x00000000d6200000)
  to   space 2048K, 0% used [0x00000000d5e00000,0x00000000d5e00000,0x00000000d6000000)
 ParOldGen       total 355840K, used 355821K [0x0000000080000000, 0x0000000095b80000, 0x00000000d5580000)
  object space 355840K, 99% used [0x0000000080000000,0x0000000095b7b530,0x0000000095b80000)
 Metaspace       used 75726K, committed 77376K, reserved 1179648K
  class space    used 7789K, committed 8448K, reserved 1048576K
}
Event: 54.217 GC heap before
{Heap before GC invocations=322 (full 3):
 PSYoungGen      total 7168K, used 7155K [0x00000000d5580000, 0x00000000d6200000, 0x0000000100000000)
  eden space 6656K, 100% used [0x00000000d5580000,0x00000000d5c00000,0x00000000d5c00000)
  from space 512K, 97% used [0x00000000d6180000,0x00000000d61fcc18,0x00000000d6200000)
  to   space 2048K, 0% used [0x00000000d5e00000,0x00000000d5e00000,0x00000000d6000000)
 ParOldGen       total 355840K, used 355821K [0x0000000080000000, 0x0000000095b80000, 0x00000000d5580000)
  object space 355840K, 99% used [0x0000000080000000,0x0000000095b7b530,0x0000000095b80000)
 Metaspace       used 75749K, committed 77440K, reserved 1179648K
  class space    used 7789K, committed 8448K, reserved 1048576K
}
Event: 54.219 GC heap after
{Heap after GC invocations=322 (full 3):
 PSYoungGen      total 8704K, used 1478K [0x00000000d5580000, 0x00000000d6200000, 0x0000000100000000)
  eden space 6656K, 0% used [0x00000000d5580000,0x00000000d5580000,0x00000000d5c00000)
  from space 2048K, 72% used [0x00000000d5e00000,0x00000000d5f71a90,0x00000000d6000000)
  to   space 2048K, 0% used [0x00000000d6000000,0x00000000d6000000,0x00000000d6200000)
 ParOldGen       total 356864K, used 356360K [0x0000000080000000, 0x0000000095c80000, 0x00000000d5580000)
  object space 356864K, 99% used [0x0000000080000000,0x0000000095c02368,0x0000000095c80000)
 Metaspace       used 75749K, committed 77440K, reserved 1179648K
  class space    used 7789K, committed 8448K, reserved 1048576K
}
Event: 54.244 GC heap before
{Heap before GC invocations=323 (full 3):
 PSYoungGen      total 8704K, used 8134K [0x00000000d5580000, 0x00000000d6200000, 0x0000000100000000)
  eden space 6656K, 100% used [0x00000000d5580000,0x00000000d5c00000,0x00000000d5c00000)
  from space 2048K, 72% used [0x00000000d5e00000,0x00000000d5f71a90,0x00000000d6000000)
  to   space 2048K, 0% used [0x00000000d6000000,0x00000000d6000000,0x00000000d6200000)
 ParOldGen       total 356864K, used 356360K [0x0000000080000000, 0x0000000095c80000, 0x00000000d5580000)
  object space 356864K, 99% used [0x0000000080000000,0x0000000095c02368,0x0000000095c80000)
 Metaspace       used 75758K, committed 77440K, reserved 1179648K
  class space    used 7789K, committed 8448K, reserved 1048576K
}
Event: 54.246 GC heap after
{Heap after GC invocations=323 (full 3):
 PSYoungGen      total 7680K, used 678K [0x00000000d5580000, 0x00000000d6100000, 0x0000000100000000)
  eden space 6656K, 0% used [0x00000000d5580000,0x00000000d5580000,0x00000000d5c00000)
  from space 1024K, 66% used [0x00000000d6000000,0x00000000d60a9a70,0x00000000d6100000)
  to   space 1024K, 0% used [0x00000000d5f00000,0x00000000d5f00000,0x00000000d6000000)
 ParOldGen       total 356864K, used 356440K [0x0000000080000000, 0x0000000095c80000, 0x00000000d5580000)
  object space 356864K, 99% used [0x0000000080000000,0x0000000095c16368,0x0000000095c80000)
 Metaspace       used 75758K, committed 77440K, reserved 1179648K
  class space    used 7789K, committed 8448K, reserved 1048576K
}
Event: 54.287 GC heap before
{Heap before GC invocations=324 (full 3):
 PSYoungGen      total 7680K, used 7334K [0x00000000d5580000, 0x00000000d6100000, 0x0000000100000000)
  eden space 6656K, 100% used [0x00000000d5580000,0x00000000d5c00000,0x00000000d5c00000)
  from space 1024K, 66% used [0x00000000d6000000,0x00000000d60a9a70,0x00000000d6100000)
  to   space 1024K, 0% used [0x00000000d5f00000,0x00000000d5f00000,0x00000000d6000000)
 ParOldGen       total 356864K, used 356440K [0x0000000080000000, 0x0000000095c80000, 0x00000000d5580000)
  object space 356864K, 99% used [0x0000000080000000,0x0000000095c16368,0x0000000095c80000)
 Metaspace       used 75788K, committed 77440K, reserved 1179648K
  class space    used 7789K, committed 8448K, reserved 1048576K
}
Event: 54.289 GC heap after
{Heap after GC invocations=324 (full 3):
 PSYoungGen      total 7680K, used 1024K [0x00000000d5580000, 0x00000000d6080000, 0x0000000100000000)
  eden space 6656K, 0% used [0x00000000d5580000,0x00000000d5580000,0x00000000d5c00000)
  from space 1024K, 100% used [0x00000000d5f00000,0x00000000d6000000,0x00000000d6000000)
  to   space 512K, 0% used [0x00000000d6000000,0x00000000d6000000,0x00000000d6080000)
 ParOldGen       total 357376K, used 357129K [0x0000000080000000, 0x0000000095d00000, 0x00000000d5580000)
  object space 357376K, 99% used [0x0000000080000000,0x0000000095cc2708,0x0000000095d00000)
 Metaspace       used 75788K, committed 77440K, reserved 1179648K
  class space    used 7789K, committed 8448K, reserved 1048576K
}
Event: 55.046 GC heap before
{Heap before GC invocations=325 (full 3):
 PSYoungGen      total 7680K, used 7680K [0x00000000d5580000, 0x00000000d6080000, 0x0000000100000000)
  eden space 6656K, 100% used [0x00000000d5580000,0x00000000d5c00000,0x00000000d5c00000)
  from space 1024K, 100% used [0x00000000d5f00000,0x00000000d6000000,0x00000000d6000000)
  to   space 512K, 0% used [0x00000000d6000000,0x00000000d6000000,0x00000000d6080000)
 ParOldGen       total 357376K, used 357129K [0x0000000080000000, 0x0000000095d00000, 0x00000000d5580000)
  object space 357376K, 99% used [0x0000000080000000,0x0000000095cc2708,0x0000000095d00000)
 Metaspace       used 75892K, committed 77632K, reserved 1179648K
  class space    used 7793K, committed 8448K, reserved 1048576K
}
Event: 55.048 GC heap after
{Heap after GC invocations=325 (full 3):
 PSYoungGen      total 7168K, used 396K [0x00000000d5580000, 0x00000000d6080000, 0x0000000100000000)
  eden space 6656K, 0% used [0x00000000d5580000,0x00000000d5580000,0x00000000d5c00000)
  from space 512K, 77% used [0x00000000d6000000,0x00000000d6063170,0x00000000d6080000)
  to   space 1024K, 0% used [0x00000000d5e80000,0x00000000d5e80000,0x00000000d5f80000)
 ParOldGen       total 358400K, used 357945K [0x0000000080000000, 0x0000000095e00000, 0x00000000d5580000)
  object space 358400K, 99% used [0x0000000080000000,0x0000000095d8e608,0x0000000095e00000)
 Metaspace       used 75892K, committed 77632K, reserved 1179648K
  class space    used 7793K, committed 8448K, reserved 1048576K
}
Event: 55.173 GC heap before
{Heap before GC invocations=326 (full 3):
 PSYoungGen      total 7168K, used 7052K [0x00000000d5580000, 0x00000000d6080000, 0x0000000100000000)
  eden space 6656K, 99% used [0x00000000d5580000,0x00000000d5bffff0,0x00000000d5c00000)
  from space 512K, 77% used [0x00000000d6000000,0x00000000d6063170,0x00000000d6080000)
  to   space 1024K, 0% used [0x00000000d5e80000,0x00000000d5e80000,0x00000000d5f80000)
 ParOldGen       total 358400K, used 357945K [0x0000000080000000, 0x0000000095e00000, 0x00000000d5580000)
  object space 358400K, 99% used [0x0000000080000000,0x0000000095d8e608,0x0000000095e00000)
 Metaspace       used 75942K, committed 77760K, reserved 1179648K
  class space    used 7798K, committed 8512K, reserved 1048576K
}
Event: 55.174 GC heap after
{Heap after GC invocations=326 (full 3):
 PSYoungGen      total 7680K, used 626K [0x00000000d5580000, 0x00000000d6080000, 0x0000000100000000)
  eden space 6656K, 0% used [0x00000000d5580000,0x00000000d5580000,0x00000000d5c00000)
  from space 1024K, 61% used [0x00000000d5e80000,0x00000000d5f1c930,0x00000000d5f80000)
  to   space 1024K, 0% used [0x00000000d5f80000,0x00000000d5f80000,0x00000000d6080000)
 ParOldGen       total 358400K, used 358143K [0x0000000080000000, 0x0000000095e00000, 0x00000000d5580000)
  object space 358400K, 99% used [0x0000000080000000,0x0000000095dbfd78,0x0000000095e00000)
 Metaspace       used 75942K, committed 77760K, reserved 1179648K
  class space    used 7798K, committed 8512K, reserved 1048576K
}
Event: 55.183 GC heap before
{Heap before GC invocations=327 (full 3):
 PSYoungGen      total 7680K, used 7282K [0x00000000d5580000, 0x00000000d6080000, 0x0000000100000000)
  eden space 6656K, 100% used [0x00000000d5580000,0x00000000d5c00000,0x00000000d5c00000)
  from space 1024K, 61% used [0x00000000d5e80000,0x00000000d5f1c930,0x00000000d5f80000)
  to   space 1024K, 0% used [0x00000000d5f80000,0x00000000d5f80000,0x00000000d6080000)
 ParOldGen       total 358400K, used 358143K [0x0000000080000000, 0x0000000095e00000, 0x00000000d5580000)
  object space 358400K, 99% used [0x0000000080000000,0x0000000095dbfd78,0x0000000095e00000)
 Metaspace       used 75942K, committed 77760K, reserved 1179648K
  class space    used 7798K, committed 8512K, reserved 1048576K
}
Event: 55.187 GC heap after
{Heap after GC invocations=327 (full 3):
 PSYoungGen      total 6144K, used 1004K [0x00000000d5580000, 0x00000000d6600000, 0x0000000100000000)
  eden space 5120K, 0% used [0x00000000d5580000,0x00000000d5580000,0x00000000d5a80000)
  from space 1024K, 98% used [0x00000000d5f80000,0x00000000d607b010,0x00000000d6080000)
  to   space 5120K, 0% used [0x00000000d5a80000,0x00000000d5a80000,0x00000000d5f80000)
 ParOldGen       total 361472K, used 361388K [0x0000000080000000, 0x0000000096100000, 0x00000000d5580000)
  object space 361472K, 99% used [0x0000000080000000,0x00000000960eb258,0x0000000096100000)
 Metaspace       used 75942K, committed 77760K, reserved 1179648K
  class space    used 7798K, committed 8512K, reserved 1048576K
}
Event: 55.246 GC heap before
{Heap before GC invocations=328 (full 3):
 PSYoungGen      total 6144K, used 6124K [0x00000000d5580000, 0x00000000d6600000, 0x0000000100000000)
  eden space 5120K, 100% used [0x00000000d5580000,0x00000000d5a80000,0x00000000d5a80000)
  from space 1024K, 98% used [0x00000000d5f80000,0x00000000d607b010,0x00000000d6080000)
  to   space 5120K, 0% used [0x00000000d5a80000,0x00000000d5a80000,0x00000000d5f80000)
 ParOldGen       total 361472K, used 361388K [0x0000000080000000, 0x0000000096100000, 0x00000000d5580000)
  object space 361472K, 99% used [0x0000000080000000,0x00000000960eb258,0x0000000096100000)
 Metaspace       used 76255K, committed 78016K, reserved 1179648K
  class space    used 7832K, committed 8512K, reserved 1048576K
}
Event: 55.248 GC heap after
{Heap after GC invocations=328 (full 3):
 PSYoungGen      total 6144K, used 658K [0x00000000d5580000, 0x00000000d6000000, 0x0000000100000000)
  eden space 5120K, 0% used [0x00000000d5580000,0x00000000d5580000,0x00000000d5a80000)
  from space 1024K, 64% used [0x00000000d5a80000,0x00000000d5b24930,0x00000000d5b80000)
  to   space 2048K, 0% used [0x00000000d5e00000,0x00000000d5e00000,0x00000000d6000000)
 ParOldGen       total 361984K, used 361660K [0x0000000080000000, 0x0000000096180000, 0x00000000d5580000)
  object space 361984K, 99% used [0x0000000080000000,0x000000009612f258,0x0000000096180000)
 Metaspace       used 76255K, committed 78016K, reserved 1179648K
  class space    used 7832K, committed 8512K, reserved 1048576K
}
Event: 55.258 GC heap before
{Heap before GC invocations=329 (full 3):
 PSYoungGen      total 6144K, used 5778K [0x00000000d5580000, 0x00000000d6000000, 0x0000000100000000)
  eden space 5120K, 100% used [0x00000000d5580000,0x00000000d5a80000,0x00000000d5a80000)
  from space 1024K, 64% used [0x00000000d5a80000,0x00000000d5b24930,0x00000000d5b80000)
  to   space 2048K, 0% used [0x00000000d5e00000,0x00000000d5e00000,0x00000000d6000000)
 ParOldGen       total 361984K, used 361660K [0x0000000080000000, 0x0000000096180000, 0x00000000d5580000)
  object space 361984K, 99% used [0x0000000080000000,0x000000009612f258,0x0000000096180000)
 Metaspace       used 76255K, committed 78016K, reserved 1179648K
  class space    used 7832K, committed 8512K, reserved 1048576K
}
Event: 55.259 GC heap after
{Heap after GC invocations=329 (full 3):
 PSYoungGen      total 6144K, used 844K [0x00000000d5580000, 0x00000000d5f00000, 0x0000000100000000)
  eden space 5120K, 0% used [0x00000000d5580000,0x00000000d5580000,0x00000000d5a80000)
  from space 1024K, 82% used [0x00000000d5e00000,0x00000000d5ed3010,0x00000000d5f00000)
  to   space 1024K, 0% used [0x00000000d5a80000,0x00000000d5a80000,0x00000000d5b80000)
 ParOldGen       total 362496K, used 362111K [0x0000000080000000, 0x0000000096200000, 0x00000000d5580000)
  object space 362496K, 99% used [0x0000000080000000,0x000000009619fca8,0x0000000096200000)
 Metaspace       used 76255K, committed 78016K, reserved 1179648K
  class space    used 7832K, committed 8512K, reserved 1048576K
}
Event: 55.265 GC heap before
{Heap before GC invocations=330 (full 3):
 PSYoungGen      total 6144K, used 5964K [0x00000000d5580000, 0x00000000d5f00000, 0x0000000100000000)
  eden space 5120K, 100% used [0x00000000d5580000,0x00000000d5a80000,0x00000000d5a80000)
  from space 1024K, 82% used [0x00000000d5e00000,0x00000000d5ed3010,0x00000000d5f00000)
  to   space 1024K, 0% used [0x00000000d5a80000,0x00000000d5a80000,0x00000000d5b80000)
 ParOldGen       total 362496K, used 362111K [0x0000000080000000, 0x0000000096200000, 0x00000000d5580000)
  object space 362496K, 99% used [0x0000000080000000,0x000000009619fca8,0x0000000096200000)
 Metaspace       used 76255K, committed 78016K, reserved 1179648K
  class space    used 7832K, committed 8512K, reserved 1048576K
}
Event: 55.269 GC heap after
{Heap after GC invocations=330 (full 3):
 PSYoungGen      total 6144K, used 1024K [0x00000000d5580000, 0x00000000d6380000, 0x0000000100000000)
  eden space 5120K, 0% used [0x00000000d5580000,0x00000000d5580000,0x00000000d5a80000)
  from space 1024K, 100% used [0x00000000d5a80000,0x00000000d5b80000,0x00000000d5b80000)
  to   space 4608K, 0% used [0x00000000d5f00000,0x00000000d5f00000,0x00000000d6380000)
 ParOldGen       total 365056K, used 364739K [0x0000000080000000, 0x0000000096480000, 0x00000000d5580000)
  object space 365056K, 99% used [0x0000000080000000,0x0000000096430cb8,0x0000000096480000)
 Metaspace       used 76255K, committed 78016K, reserved 1179648K
  class space    used 7832K, committed 8512K, reserved 1048576K
}

